[0.133s] DEBUG:colcon:Command line arguments: ['/usr/bin/colcon', 'build']
[0.133s] DEBUG:colcon:Parsed command line arguments: Namespace(log_base=None, log_level=None, verb_name='build', build_base='build', install_base='install', merge_install=False, symlink_install=False, test_result_base=None, continue_on_error=False, executor='parallel', parallel_workers=8, event_handlers=None, ignore_user_meta=False, metas=['./colcon.meta'], base_paths=['.'], packages_ignore=None, packages_ignore_regex=None, paths=None, packages_up_to=None, packages_up_to_regex=None, packages_above=None, packages_above_and_dependencies=None, packages_above_depth=None, packages_select_by_dep=None, packages_skip_by_dep=None, packages_skip_up_to=None, packages_select_build_failed=False, packages_skip_build_finished=False, packages_select_test_failures=False, packages_skip_test_passed=False, packages_select=None, packages_skip=None, packages_select_regex=None, packages_skip_regex=None, packages_start=None, packages_end=None, allow_overriding=[], cmake_args=None, cmake_target=None, cmake_target_skip_unavailable=False, cmake_clean_cache=False, cmake_clean_first=False, cmake_force_configure=False, ament_cmake_args=None, catkin_cmake_args=None, catkin_skip_building_tests=False, mixin_files=None, mixin=None, verb_parser=<colcon_mixin.mixin.mixin_argument.MixinArgumentDecorator object at 0x7f4078709b10>, verb_extension=<colcon_core.verb.build.BuildVerb object at 0x7f4078709390>, main=<bound method BuildVerb.main of <colcon_core.verb.build.BuildVerb object at 0x7f4078709390>>, mixin_verb=('build',))
[0.346s] Level 1:colcon.colcon_core.package_discovery:discover_packages(colcon_meta) check parameters
[0.346s] Level 1:colcon.colcon_core.package_discovery:discover_packages(recursive) check parameters
[0.346s] Level 1:colcon.colcon_core.package_discovery:discover_packages(ignore) check parameters
[0.346s] Level 1:colcon.colcon_core.package_discovery:discover_packages(path) check parameters
[0.346s] Level 1:colcon.colcon_core.package_discovery:discover_packages(colcon_meta) discover
[0.346s] Level 1:colcon.colcon_core.package_discovery:discover_packages(recursive) discover
[0.347s] INFO:colcon.colcon_core.package_discovery:Crawling recursively for packages in '/home/nicolas/ros2/project/mobility'
[0.347s] Level 1:colcon.colcon_core.package_identification:_identify(.) by extensions ['ignore', 'ignore_ament_install']
[0.347s] Level 1:colcon.colcon_core.package_identification:_identify(.) by extension 'ignore'
[0.347s] Level 1:colcon.colcon_core.package_identification:_identify(.) by extension 'ignore_ament_install'
[0.347s] Level 1:colcon.colcon_core.package_identification:_identify(.) by extensions ['colcon_pkg']
[0.347s] Level 1:colcon.colcon_core.package_identification:_identify(.) by extension 'colcon_pkg'
[0.347s] Level 1:colcon.colcon_core.package_identification:_identify(.) by extensions ['colcon_meta']
[0.347s] Level 1:colcon.colcon_core.package_identification:_identify(.) by extension 'colcon_meta'
[0.347s] Level 1:colcon.colcon_core.package_identification:_identify(.) by extensions ['ros']
[0.347s] Level 1:colcon.colcon_core.package_identification:_identify(.) by extension 'ros'
[0.362s] DEBUG:colcon.colcon_core.package_identification:Package '.' with type 'ros.ament_cmake' and name 'mobility'
[0.362s] Level 1:colcon.colcon_core.package_discovery:discover_packages(recursive) using defaults
[0.362s] Level 1:colcon.colcon_core.package_discovery:discover_packages(ignore) discover
[0.363s] Level 1:colcon.colcon_core.package_discovery:discover_packages(ignore) using defaults
[0.363s] Level 1:colcon.colcon_core.package_discovery:discover_packages(path) discover
[0.363s] Level 1:colcon.colcon_core.package_discovery:discover_packages(path) using defaults
[0.384s] Level 1:colcon.colcon_core.package_discovery:discover_packages(prefix_path) check parameters
[0.384s] Level 1:colcon.colcon_core.package_discovery:discover_packages(prefix_path) discover
[0.387s] DEBUG:colcon.colcon_installed_package_information.package_discovery:Found 270 installed packages in /opt/ros/humble
[0.388s] Level 1:colcon.colcon_core.package_discovery:discover_packages(prefix_path) using defaults
[0.449s] Level 5:colcon.colcon_core.verb:set package 'mobility' build argument 'cmake_args' from command line to 'None'
[0.449s] Level 5:colcon.colcon_core.verb:set package 'mobility' build argument 'cmake_target' from command line to 'None'
[0.449s] Level 5:colcon.colcon_core.verb:set package 'mobility' build argument 'cmake_target_skip_unavailable' from command line to 'False'
[0.449s] Level 5:colcon.colcon_core.verb:set package 'mobility' build argument 'cmake_clean_cache' from command line to 'False'
[0.449s] Level 5:colcon.colcon_core.verb:set package 'mobility' build argument 'cmake_clean_first' from command line to 'False'
[0.449s] Level 5:colcon.colcon_core.verb:set package 'mobility' build argument 'cmake_force_configure' from command line to 'False'
[0.449s] Level 5:colcon.colcon_core.verb:set package 'mobility' build argument 'ament_cmake_args' from command line to 'None'
[0.449s] Level 5:colcon.colcon_core.verb:set package 'mobility' build argument 'catkin_cmake_args' from command line to 'None'
[0.449s] Level 5:colcon.colcon_core.verb:set package 'mobility' build argument 'catkin_skip_building_tests' from command line to 'False'
[0.449s] DEBUG:colcon.colcon_core.verb:Building package 'mobility' with the following arguments: {'ament_cmake_args': None, 'build_base': '/home/nicolas/ros2/project/mobility/build/mobility', 'catkin_cmake_args': None, 'catkin_skip_building_tests': False, 'cmake_args': None, 'cmake_clean_cache': False, 'cmake_clean_first': False, 'cmake_force_configure': False, 'cmake_target': None, 'cmake_target_skip_unavailable': False, 'install_base': '/home/nicolas/ros2/project/mobility/install/mobility', 'merge_install': False, 'path': '/home/nicolas/ros2/project/mobility', 'symlink_install': False, 'test_result_base': None}
[0.449s] INFO:colcon.colcon_core.executor:Executing jobs using 'parallel' executor
[0.450s] DEBUG:colcon.colcon_parallel_executor.executor.parallel:run_until_complete
[0.451s] INFO:colcon.colcon_ros.task.ament_cmake.build:Building ROS package in '/home/nicolas/ros2/project/mobility' with build type 'ament_cmake'
[0.451s] INFO:colcon.colcon_cmake.task.cmake.build:Building CMake package in '/home/nicolas/ros2/project/mobility'
[0.453s] INFO:colcon.colcon_core.plugin_system:Skipping extension 'colcon_core.shell.bat': Not used on non-Windows systems
[0.453s] INFO:colcon.colcon_core.shell:Skip shell extension 'powershell' for command environment: Not usable outside of PowerShell
[0.453s] DEBUG:colcon.colcon_core.shell:Skip shell extension 'dsv' for command environment
[0.461s] DEBUG:colcon.colcon_core.event_handler.log_command:Invoking command in '/home/nicolas/ros2/project/mobility/build/mobility': CMAKE_PREFIX_PATH=/opt/ros/humble /usr/bin/cmake /home/nicolas/ros2/project/mobility -DCMAKE_INSTALL_PREFIX=/home/nicolas/ros2/project/mobility/install/mobility
[2.679s] DEBUG:colcon.colcon_core.event_handler.log_command:Invoked command in '/home/nicolas/ros2/project/mobility/build/mobility' returned '0': CMAKE_PREFIX_PATH=/opt/ros/humble /usr/bin/cmake /home/nicolas/ros2/project/mobility -DCMAKE_INSTALL_PREFIX=/home/nicolas/ros2/project/mobility/install/mobility
[2.681s] DEBUG:colcon.colcon_core.event_handler.log_command:Invoking command in '/home/nicolas/ros2/project/mobility/build/mobility': CMAKE_PREFIX_PATH=/opt/ros/humble /usr/bin/cmake --build /home/nicolas/ros2/project/mobility/build/mobility -- -j8 -l8
[2.725s] DEBUG:colcon.colcon_core.event_handler.log_command:Invoked command in '/home/nicolas/ros2/project/mobility/build/mobility' returned '0': CMAKE_PREFIX_PATH=/opt/ros/humble /usr/bin/cmake --build /home/nicolas/ros2/project/mobility/build/mobility -- -j8 -l8
[2.760s] DEBUG:colcon.colcon_core.event_handler.log_command:Invoking command in '/home/nicolas/ros2/project/mobility/build/mobility': CMAKE_PREFIX_PATH=/opt/ros/humble /usr/bin/cmake --install /home/nicolas/ros2/project/mobility/build/mobility
[4.176s] Level 1:colcon.colcon_core.environment:create_environment_scripts_only(mobility)
[4.183s] Level 1:colcon.colcon_core.environment:checking '/home/nicolas/ros2/project/mobility/install/mobility' for CMake module files
[4.185s] Level 1:colcon.colcon_core.environment:checking '/home/nicolas/ros2/project/mobility/install/mobility' for CMake config files
[4.194s] DEBUG:colcon.colcon_core.event_handler.log_command:Invoked command in '/home/nicolas/ros2/project/mobility/build/mobility' returned '0': CMAKE_PREFIX_PATH=/opt/ros/humble /usr/bin/cmake --install /home/nicolas/ros2/project/mobility/build/mobility
[4.229s] Level 1:colcon.colcon_core.shell:create_environment_hook('mobility', 'cmake_prefix_path')
[4.229s] INFO:colcon.colcon_core.shell:Creating environment hook '/home/nicolas/ros2/project/mobility/install/mobility/share/mobility/hook/cmake_prefix_path.ps1'
[4.230s] INFO:colcon.colcon_core.shell:Creating environment descriptor '/home/nicolas/ros2/project/mobility/install/mobility/share/mobility/hook/cmake_prefix_path.dsv'
[4.230s] INFO:colcon.colcon_core.shell:Creating environment hook '/home/nicolas/ros2/project/mobility/install/mobility/share/mobility/hook/cmake_prefix_path.sh'
[4.231s] Level 1:colcon.colcon_core.environment:checking '/home/nicolas/ros2/project/mobility/install/mobility/bin'
[4.231s] Level 1:colcon.colcon_core.environment:checking '/home/nicolas/ros2/project/mobility/install/mobility/lib/pkgconfig/mobility.pc'
[4.231s] Level 1:colcon.colcon_core.environment:checking '/home/nicolas/ros2/project/mobility/install/mobility/lib/python3.10/site-packages'
[4.231s] Level 1:colcon.colcon_core.environment:checking '/home/nicolas/ros2/project/mobility/install/mobility/bin'
[4.232s] INFO:colcon.colcon_core.shell:Creating package script '/home/nicolas/ros2/project/mobility/install/mobility/share/mobility/package.ps1'
[4.232s] INFO:colcon.colcon_core.shell:Creating package descriptor '/home/nicolas/ros2/project/mobility/install/mobility/share/mobility/package.dsv'
[4.233s] INFO:colcon.colcon_core.shell:Creating package script '/home/nicolas/ros2/project/mobility/install/mobility/share/mobility/package.sh'
[4.233s] INFO:colcon.colcon_core.shell:Creating package script '/home/nicolas/ros2/project/mobility/install/mobility/share/mobility/package.bash'
[4.234s] INFO:colcon.colcon_core.shell:Creating package script '/home/nicolas/ros2/project/mobility/install/mobility/share/mobility/package.zsh'
[4.235s] Level 1:colcon.colcon_core.environment:create_file_with_runtime_dependencies(/home/nicolas/ros2/project/mobility/install/mobility/share/colcon-core/packages/mobility)
[4.256s] Level 1:colcon.colcon_core.environment:create_environment_scripts_only(mobility)
[4.257s] Level 1:colcon.colcon_core.environment:checking '/home/nicolas/ros2/project/mobility/install/mobility' for CMake module files
[4.257s] Level 1:colcon.colcon_core.environment:checking '/home/nicolas/ros2/project/mobility/install/mobility' for CMake config files
[4.290s] Level 1:colcon.colcon_core.shell:create_environment_hook('mobility', 'cmake_prefix_path')
[4.290s] INFO:colcon.colcon_core.shell:Creating environment hook '/home/nicolas/ros2/project/mobility/install/mobility/share/mobility/hook/cmake_prefix_path.ps1'
[4.297s] INFO:colcon.colcon_core.shell:Creating environment descriptor '/home/nicolas/ros2/project/mobility/install/mobility/share/mobility/hook/cmake_prefix_path.dsv'
[4.297s] INFO:colcon.colcon_core.shell:Creating environment hook '/home/nicolas/ros2/project/mobility/install/mobility/share/mobility/hook/cmake_prefix_path.sh'
[4.298s] Level 1:colcon.colcon_core.environment:checking '/home/nicolas/ros2/project/mobility/install/mobility/bin'
[4.298s] Level 1:colcon.colcon_core.environment:checking '/home/nicolas/ros2/project/mobility/install/mobility/lib/pkgconfig/mobility.pc'
[4.298s] Level 1:colcon.colcon_core.environment:checking '/home/nicolas/ros2/project/mobility/install/mobility/lib/python3.10/site-packages'
[4.298s] Level 1:colcon.colcon_core.environment:checking '/home/nicolas/ros2/project/mobility/install/mobility/bin'
[4.299s] INFO:colcon.colcon_core.shell:Creating package script '/home/nicolas/ros2/project/mobility/install/mobility/share/mobility/package.ps1'
[4.299s] INFO:colcon.colcon_core.shell:Creating package descriptor '/home/nicolas/ros2/project/mobility/install/mobility/share/mobility/package.dsv'
[4.300s] INFO:colcon.colcon_core.shell:Creating package script '/home/nicolas/ros2/project/mobility/install/mobility/share/mobility/package.sh'
[4.300s] INFO:colcon.colcon_core.shell:Creating package script '/home/nicolas/ros2/project/mobility/install/mobility/share/mobility/package.bash'
[4.300s] INFO:colcon.colcon_core.shell:Creating package script '/home/nicolas/ros2/project/mobility/install/mobility/share/mobility/package.zsh'
[4.301s] Level 1:colcon.colcon_core.environment:create_file_with_runtime_dependencies(/home/nicolas/ros2/project/mobility/install/mobility/share/colcon-core/packages/mobility)
[4.301s] DEBUG:colcon.colcon_parallel_executor.executor.parallel:closing loop
[4.301s] DEBUG:colcon.colcon_parallel_executor.executor.parallel:loop closed
[4.302s] DEBUG:colcon.colcon_parallel_executor.executor.parallel:run_until_complete finished with '0'
[4.302s] DEBUG:colcon.colcon_core.event_reactor:joining thread
[4.310s] INFO:colcon.colcon_core.plugin_system:Skipping extension 'colcon_notification.desktop_notification.terminal_notifier': Not used on non-Darwin systems
[4.310s] INFO:colcon.colcon_core.plugin_system:Skipping extension 'colcon_notification.desktop_notification.win32': Not used on non-Windows systems
[4.310s] INFO:colcon.colcon_notification.desktop_notification:Sending desktop notification using 'notify2'
[4.311s] DEBUG:colcon.colcon_notification.desktop_notification.notify2:Failed to initialize notify2: org.freedesktop.DBus.Error.ServiceUnknown: The name org.freedesktop.Notifications was not provided by any .service files
[4.312s] DEBUG:colcon.colcon_core.event_reactor:joined thread
[4.312s] INFO:colcon.colcon_core.shell:Creating prefix script '/home/nicolas/ros2/project/mobility/install/local_setup.ps1'
[4.313s] INFO:colcon.colcon_core.shell:Creating prefix util module '/home/nicolas/ros2/project/mobility/install/_local_setup_util_ps1.py'
[4.314s] INFO:colcon.colcon_core.shell:Creating prefix chain script '/home/nicolas/ros2/project/mobility/install/setup.ps1'
[4.315s] INFO:colcon.colcon_core.shell:Creating prefix script '/home/nicolas/ros2/project/mobility/install/local_setup.sh'
[4.315s] INFO:colcon.colcon_core.shell:Creating prefix util module '/home/nicolas/ros2/project/mobility/install/_local_setup_util_sh.py'
[4.316s] INFO:colcon.colcon_core.shell:Creating prefix chain script '/home/nicolas/ros2/project/mobility/install/setup.sh'
[4.316s] INFO:colcon.colcon_core.shell:Creating prefix script '/home/nicolas/ros2/project/mobility/install/local_setup.bash'
[4.317s] INFO:colcon.colcon_core.shell:Creating prefix chain script '/home/nicolas/ros2/project/mobility/install/setup.bash'
[4.318s] INFO:colcon.colcon_core.shell:Creating prefix script '/home/nicolas/ros2/project/mobility/install/local_setup.zsh'
[4.318s] INFO:colcon.colcon_core.shell:Creating prefix chain script '/home/nicolas/ros2/project/mobility/install/setup.zsh'
